<?xml version="1.0" encoding="utf-8"?><testsuites name="pytest tests"><testsuite name="pytest" errors="0" failures="0" skipped="0" tests="6" time="2.990" timestamp="2026-07-16T01:53:10.555991+00:00" hostname="agent-env-9df72592-3829-4886-9e63-37bd550bf0d8"><testcase classname="tests.test_portfolio_api.TestHealth" name="test_root_api" time="0.167" /><testcase classname="tests.test_portfolio_api.TestContact" name="test_contact_valid_payload" time="1.074" /><testcase classname="tests.test_portfolio_api.TestContactRateLimit" name="test_rate_limit_kicks_in_localhost" time="2.510" /><testcase classname="tests.test_portfolio_api.TestContact" name="test_contact_invalid_email_returns_422" time="0.036" /><testcase classname="tests.test_portfolio_api.TestContact" name="test_contact_missing_fields" time="0.036" /><testcase classname="tests.test_portfolio_api.TestContact" name="test_contact_empty_message" time="0.074" /></testsuite></testsuites>